<?xml version="1.0" encoding="UTF-8"?>
<!-- Generated by org.testng.reporters.JUnitXMLReporter -->
<testsuite ignored="1" hostname="faihaahadeedi" failures="2" tests="52" name="Default test" time="0.929" errors="0" timestamp="2024-10-04T11:07:13 GMT+03:00">
  <testcase classname="MyTestCases" name="AddData" time="0.023"/>
  <testcase classname="MyTestCases" name="AddData" time="0.006"/>
  <testcase classname="MyTestCases" name="AddData" time="0.005"/>
  <testcase classname="MyTestCases" name="AddData" time="0.006"/>
  <testcase classname="MyTestCases" name="AddData" time="0.005"/>
  <testcase classname="MyTestCases" name="AddData" time="0.005"/>
  <testcase classname="MyTestCases" name="AddData" time="0.006"/>
  <testcase classname="MyTestCases" name="AddData" time="0.007"/>
  <testcase classname="MyTestCases" name="AddData" time="0.005"/>
  <testcase classname="MyTestCases" name="AddData" time="0.005"/>
  <testcase classname="MyTestCases" name="AddData" time="0.005"/>
  <testcase classname="MyTestCases" name="AddData" time="0.005"/>
  <testcase classname="MyTestCases" name="AddData" time="0.006"/>
  <testcase classname="MyTestCases" name="AddData" time="0.004"/>
  <testcase classname="MyTestCases" name="AddData" time="0.005"/>
  <testcase classname="MyTestCases" name="AddData" time="0.004"/>
  <testcase classname="MyTestCases" name="AddData" time="0.004"/>
  <testcase classname="MyTestCases" name="AddData" time="0.004"/>
  <testcase classname="MyTestCases" name="AddData" time="0.03">
    <failure type="java.sql.SQLIntegrityConstraintViolationException" message="Duplicate entry &amp;apos;46&amp;apos; for key &amp;apos;customers.PRIMARY&amp;apos;">
      <![CDATA[java.sql.SQLIntegrityConstraintViolationException: Duplicate entry '46' for key 'customers.PRIMARY'
at com.mysql.cj.jdbc.exceptions.SQLError.createSQLException(SQLError.java:118)
at com.mysql.cj.jdbc.exceptions.SQLExceptionsMapping.translateException(SQLExceptionsMapping.java:122)
at com.mysql.cj.jdbc.StatementImpl.executeUpdateInternal(StatementImpl.java:1334)
at com.mysql.cj.jdbc.StatementImpl.executeLargeUpdate(StatementImpl.java:2084)
at com.mysql.cj.jdbc.StatementImpl.executeUpdate(StatementImpl.java:1245)
at MyTestCases.AddData(MyTestCases.java:45)
at java.base/jdk.internal.reflect.DirectMethodHandleAccessor.invoke(DirectMethodHandleAccessor.java:103)
at java.base/java.lang.reflect.Method.invoke(Method.java:580)
at org.testng.internal.MethodInvocationHelper.invokeMethod(MethodInvocationHelper.java:133)
at org.testng.internal.TestInvoker.invokeMethod(TestInvoker.java:598)
at org.testng.internal.TestInvoker.invokeTestMethod(TestInvoker.java:173)
at org.testng.internal.MethodRunner.runInSequence(MethodRunner.java:46)
at org.testng.internal.TestInvoker$MethodInvocationAgent.invoke(TestInvoker.java:824)
at org.testng.internal.TestInvoker.invokeTestMethods(TestInvoker.java:146)
at org.testng.internal.TestMethodWorker.invokeTestMethods(TestMethodWorker.java:146)
at org.testng.internal.TestMethodWorker.run(TestMethodWorker.java:128)
at java.base/java.util.ArrayList.forEach(ArrayList.java:1597)
at org.testng.TestRunner.privateRun(TestRunner.java:794)
at org.testng.TestRunner.run(TestRunner.java:596)
at org.testng.SuiteRunner.runTest(SuiteRunner.java:377)
at org.testng.SuiteRunner.runSequentially(SuiteRunner.java:371)
at org.testng.SuiteRunner.privateRun(SuiteRunner.java:332)
at org.testng.SuiteRunner.run(SuiteRunner.java:276)
at org.testng.SuiteRunnerWorker.runSuite(SuiteRunnerWorker.java:53)
at org.testng.SuiteRunnerWorker.run(SuiteRunnerWorker.java:96)
at org.testng.TestNG.runSuitesSequentially(TestNG.java:1212)
at org.testng.TestNG.runSuitesLocally(TestNG.java:1134)
at org.testng.TestNG.runSuites(TestNG.java:1063)
at org.testng.TestNG.run(TestNG.java:1031)
at org.testng.remote.AbstractRemoteTestNG.run(AbstractRemoteTestNG.java:115)
at org.testng.remote.RemoteTestNG.initAndRun(RemoteTestNG.java:293)
at org.testng.remote.RemoteTestNG.main(RemoteTestNG.java:91)
]]>
    </failure>
  </testcase> <!-- AddData -->
  <testcase classname="MyTestCases" name="AddData" time="0.005"/>
  <testcase classname="MyTestCases" name="AddData" time="0.004"/>
  <testcase classname="MyTestCases" name="AddData" time="0.005"/>
  <testcase classname="MyTestCases" name="AddData" time="0.005"/>
  <testcase classname="MyTestCases" name="AddData" time="0.005"/>
  <testcase classname="MyTestCases" name="AddData" time="0.004"/>
  <testcase classname="MyTestCases" name="AddData" time="0.005"/>
  <testcase classname="MyTestCases" name="AddData" time="0.004"/>
  <testcase classname="MyTestCases" name="AddData" time="0.004"/>
  <testcase classname="MyTestCases" name="AddData" time="0.005"/>
  <testcase classname="MyTestCases" name="AddData" time="0.014"/>
  <testcase classname="MyTestCases" name="AddData" time="0.005"/>
  <testcase classname="MyTestCases" name="AddData" time="0.004"/>
  <testcase classname="MyTestCases" name="AddData" time="0.005"/>
  <testcase classname="MyTestCases" name="AddData" time="0.005"/>
  <testcase classname="MyTestCases" name="AddData" time="0.005"/>
  <testcase classname="MyTestCases" name="AddData" time="0.004"/>
  <testcase classname="MyTestCases" name="AddData" time="0.005"/>
  <testcase classname="MyTestCases" name="AddData" time="0.004"/>
  <testcase classname="MyTestCases" name="AddData" time="0.006"/>
  <testcase classname="MyTestCases" name="AddData" time="0.005"/>
  <testcase classname="MyTestCases" name="AddData" time="0.005"/>
  <testcase classname="MyTestCases" name="AddData" time="0.002">
    <failure type="java.sql.SQLIntegrityConstraintViolationException" message="Duplicate entry &amp;apos;298&amp;apos; for key &amp;apos;customers.PRIMARY&amp;apos;">
      <![CDATA[java.sql.SQLIntegrityConstraintViolationException: Duplicate entry '298' for key 'customers.PRIMARY'
at com.mysql.cj.jdbc.exceptions.SQLError.createSQLException(SQLError.java:118)
at com.mysql.cj.jdbc.exceptions.SQLExceptionsMapping.translateException(SQLExceptionsMapping.java:122)
at com.mysql.cj.jdbc.StatementImpl.executeUpdateInternal(StatementImpl.java:1334)
at com.mysql.cj.jdbc.StatementImpl.executeLargeUpdate(StatementImpl.java:2084)
at com.mysql.cj.jdbc.StatementImpl.executeUpdate(StatementImpl.java:1245)
at MyTestCases.AddData(MyTestCases.java:45)
at java.base/jdk.internal.reflect.DirectMethodHandleAccessor.invoke(DirectMethodHandleAccessor.java:103)
at java.base/java.lang.reflect.Method.invoke(Method.java:580)
at org.testng.internal.MethodInvocationHelper.invokeMethod(MethodInvocationHelper.java:133)
at org.testng.internal.TestInvoker.invokeMethod(TestInvoker.java:598)
at org.testng.internal.TestInvoker.invokeTestMethod(TestInvoker.java:173)
at org.testng.internal.MethodRunner.runInSequence(MethodRunner.java:46)
at org.testng.internal.TestInvoker$MethodInvocationAgent.invoke(TestInvoker.java:824)
at org.testng.internal.TestInvoker.invokeTestMethods(TestInvoker.java:146)
at org.testng.internal.TestMethodWorker.invokeTestMethods(TestMethodWorker.java:146)
at org.testng.internal.TestMethodWorker.run(TestMethodWorker.java:128)
at java.base/java.util.ArrayList.forEach(ArrayList.java:1597)
at org.testng.TestRunner.privateRun(TestRunner.java:794)
at org.testng.TestRunner.run(TestRunner.java:596)
at org.testng.SuiteRunner.runTest(SuiteRunner.java:377)
at org.testng.SuiteRunner.runSequentially(SuiteRunner.java:371)
at org.testng.SuiteRunner.privateRun(SuiteRunner.java:332)
at org.testng.SuiteRunner.run(SuiteRunner.java:276)
at org.testng.SuiteRunnerWorker.runSuite(SuiteRunnerWorker.java:53)
at org.testng.SuiteRunnerWorker.run(SuiteRunnerWorker.java:96)
at org.testng.TestNG.runSuitesSequentially(TestNG.java:1212)
at org.testng.TestNG.runSuitesLocally(TestNG.java:1134)
at org.testng.TestNG.runSuites(TestNG.java:1063)
at org.testng.TestNG.run(TestNG.java:1031)
at org.testng.remote.AbstractRemoteTestNG.run(AbstractRemoteTestNG.java:115)
at org.testng.remote.RemoteTestNG.initAndRun(RemoteTestNG.java:293)
at org.testng.remote.RemoteTestNG.main(RemoteTestNG.java:91)
]]>
    </failure>
  </testcase> <!-- AddData -->
  <testcase classname="MyTestCases" name="AddData" time="0.005"/>
  <testcase classname="MyTestCases" name="AddData" time="0.005"/>
  <testcase classname="MyTestCases" name="AddData" time="0.004"/>
  <testcase classname="MyTestCases" name="AddData" time="0.006"/>
  <testcase classname="MyTestCases" name="AddData" time="0.005"/>
  <testcase classname="MyTestCases" name="AddData" time="0.005"/>
  <testcase classname="MyTestCases" name="AddData" time="0.005"/>
  <testcase classname="MyTestCases" name="AddData" time="0.005"/>
  <testcase classname="MyTestCases" name="UpdateData" time="0.006"/>
  <testcase classname="MyTestCases" name="ReadData" time="0.044"/>
  <testcase classname="MyTestCases" name="DeleteData" time="0.0">
    <ignored/>
  </testcase> <!-- DeleteData -->
</testsuite> <!-- Default test -->
